<!DOCTYPE html PUBLIC "-//W3C//DTD XHTML 1.1//EN" "http://www.w3.org/TR/xhtml11/DTD/xhtml11.dtd">
<html xmlns="http://www.w3.org/1999/xhtml"><head><title>TestNG Report</title><style type="text/css">table {margin-bottom:10px;border-collapse:collapse;empty-cells:show}th,td {border:1px solid #009;padding:.25em .5em}th {vertical-align:bottom}td {vertical-align:top}table a {font-weight:bold}.stripe td {background-color: #E6EBF9}.num {text-align:right}.passedodd td {background-color: #3F3}.passedeven td {background-color: #0A0}.skippedodd td {background-color: #DDD}.skippedeven td {background-color: #CCC}.failedodd td,.attn {background-color: #F33}.failedeven td,.stripe .attn {background-color: #D00}.stacktrace {white-space:pre;font-family:monospace}.totop {font-size:85%;text-align:center;border-bottom:2px solid #000}</style></head><body><table><tr><th>Test</th><th># Passed</th><th># Skipped</th><th># Failed</th><th>Time (ms)</th><th>Included Groups</th><th>Excluded Groups</th></tr><tr><th colspan="7">测试套件</th></tr><tr><td><a href="#t0">一个测试模块</a></td><td class="num">2</td><td class="num">0</td><td class="num attn">2</td><td class="num">27</td><td></td><td></td></tr></table><table><thead><tr><th>Class</th><th>Method</th><th>Start</th><th>Time (ms)</th></tr></thead><tbody><tr><th colspan="4">测试套件</th></tr></tbody><tbody id="t0"><tr><th colspan="4">一个测试模块 &#8212; failed</th></tr><tr class="failedeven"><td rowspan="2">com.tester.extend.demo.ReportTestDemo</td><td><a href="#m0">logDemo</a></td><td rowspan="1">1647252614839</td><td rowspan="1">0</td></tr><tr class="failedeven"><td><a href="#m1">test1</a></td><td rowspan="1">1647252614823</td><td rowspan="1">9</td></tr><tr><th colspan="4">一个测试模块 &#8212; passed</th></tr><tr class="passedeven"><td rowspan="2">com.tester.extend.demo.ReportTestDemo</td><td><a href="#m2">test2</a></td><td rowspan="1">1647252614838</td><td rowspan="1">0</td></tr><tr class="passedeven"><td><a href="#m3">test3</a></td><td rowspan="1">1647252614839</td><td rowspan="1">0</td></tr></tbody></table><h2>一个测试模块</h2><h3 id="m0">com.tester.extend.demo.ReportTestDemo#logDemo</h3><table class="result"><tr><th>Messages</th></tr><tr><td><div class="messages">这是我写的日志</div></td></tr><tr><th>Exception</th></tr><tr><td><div class="stacktrace">java.lang.RuntimeException: 这是我自己运行时的异常
	at com.tester.extend.demo.ReportTestDemo.logDemo(ReportTestDemo.java:26)
	at com.intellij.rt.testng.IDEARemoteTestNG.run(IDEARemoteTestNG.java:66)
	at com.intellij.rt.testng.RemoteTestNGStarter.main(RemoteTestNGStarter.java:110)
... Removed 21 stack frames</div></td></tr></table><p class="totop"><a href="#summary">back to summary</a></p><h3 id="m1">com.tester.extend.demo.ReportTestDemo#test1</h3><table class="result"><tr><th>Exception</th></tr><tr><td><div class="stacktrace">java.lang.AssertionError: expected [2] but found [1]
	at com.tester.extend.demo.ReportTestDemo.test1(ReportTestDemo.java:13)
	at com.intellij.rt.testng.IDEARemoteTestNG.run(IDEARemoteTestNG.java:66)
	at com.intellij.rt.testng.RemoteTestNGStarter.main(RemoteTestNGStarter.java:110)
... Removed 26 stack frames</div></td></tr></table><p class="totop"><a href="#summary">back to summary</a></p><h3 id="m2">com.tester.extend.demo.ReportTestDemo#test2</h3><table class="result"></table><p class="totop"><a href="#summary">back to summary</a></p><h3 id="m3">com.tester.extend.demo.ReportTestDemo#test3</h3><table class="result"></table><p class="totop"><a href="#summary">back to summary</a></p></body></html>